#
# There is insufficient memory for the Java Runtime Environment to continue.
# Native memory allocation (mmap) failed to map 65011712 bytes for G1 virtual space
# Possible reasons:
#   The system is out of physical RAM or swap space
#   The process is running with CompressedOops enabled, and the Java Heap may be blocking the growth of the native heap
# Possible solutions:
#   Reduce memory load on the system
#   Increase physical memory or swap space
#   Check if swap backing store is full
#   Decrease Java heap size (-Xmx/-Xms)
#   Decrease number of Java threads
#   Decrease Java thread stack sizes (-Xss)
#   Set larger code cache with -XX:ReservedCodeCacheSize=
#   JVM is running with Unscaled Compressed Oops mode in which the Java heap is
#     placed in the first 4GB address space. The Java Heap base address is the
#     maximum limit for the native heap growth. Please use -XX:HeapBaseMinAddress
#     to set the Java Heap base and to place the Java Heap above 4GB virtual address.
# This output file may be truncated or incomplete.
#
#  Out of Memory Error (os_windows.cpp:3536), pid=17208, tid=17804
#
# JRE version:  (19.0.2+7) (build )
# Java VM: Java HotSpot(TM) 64-Bit Server VM (19.0.2+7-44, mixed mode, sharing, tiered, compressed oops, compressed class ptrs, g1 gc, windows-amd64)
# No core dump will be written. Minidumps are not enabled by default on client versions of Windows
#

---------------  S U M M A R Y ------------

Command Line: -Dfile.encoding=UTF-8 --module-path=C:\Users\vinay\eclipse-workspace\travelandtourism\bin -XX:+ShowCodeDetailsInExceptionMessages -Djdk.module.main=travelandtourism travelandtourism/travelandtourism.Login

Host: Intel(R) Core(TM) i3-8100 CPU @ 3.60GHz, 4 cores, 3G,  Windows 10 , 64 bit Build 19041 (10.0.19041.3155)
Time: Sat Aug 12 21:20:08 2023 India Standard Time elapsed time: 0.011934 seconds (0d 0h 0m 0s)

---------------  T H R E A D  ---------------

Current thread (0x00000295cc0aa340):  JavaThread "Unknown thread" [_thread_in_vm, id=17804, stack(0x000000f26de00000,0x000000f26df00000)]

Stack: [0x000000f26de00000,0x000000f26df00000]
Native frames: (J=compiled Java code, j=interpreted, Vv=VM code, C=native code)
V  [jvm.dll+0x6ee21a]
V  [jvm.dll+0x85765e]
V  [jvm.dll+0x85904e]
V  [jvm.dll+0x859703]
V  [jvm.dll+0x28298f]
V  [jvm.dll+0x6eb009]
V  [jvm.dll+0x6dfbaa]
V  [jvm.dll+0x3573f6]
V  [jvm.dll+0x35ee56]
V  [jvm.dll+0x3b541e]
V  [jvm.dll+0x3b564f]
V  [jvm.dll+0x32c9ea]
V  [jvm.dll+0x32d89e]
V  [jvm.dll+0x821780]
V  [jvm.dll+0x3c2661]
V  [jvm.dll+0x801f51]
V  [jvm.dll+0x44ae8f]
V  [jvm.dll+0x44c811]
C  [jli.dll+0x5287]
C  [ucrtbase.dll+0x21bb2]
C  [KERNEL32.DLL+0x17614]
C  [ntdll.dll+0x526b1]


---------------  P R O C E S S  ---------------

Threads class SMR info:
_java_thread_list=0x00007ff8c019d048, length=0, elements={
}

Java Threads: ( => current thread )

Other Threads:
  0x00000295cc0eb7a0 WorkerThread "GC Thread#0" [stack: 0x000000f26df00000,0x000000f26e000000] [id=16280]
  0x00000295cc0f4090 ConcurrentGCThread "G1 Main Marker" [stack: 0x000000f26e000000,0x000000f26e100000] [id=16584]
  0x00000295cc0f6320 WorkerThread "G1 Conc#0" [stack: 0x000000f26e100000,0x000000f26e200000] [id=9452]

[error occurred during error reporting (printing all threads), id 0xc0000005, EXCEPTION_ACCESS_VIOLATION (0xc0000005) at pc=0x00007ff8bf95d427]

VM state: not at safepoint (not fully initialized)

VM Mutex/Monitor currently owned by a thread:  ([mutex/lock_event])
[0x00000295cc0a71c0] Heap_lock - owner thread: 0x00000295cc0aa340

Heap address: 0x00000000c2c00000, size: 980 MB, Compressed Oops mode: 32-bit

CDS archive(s) mapped at: [0x0000000000000000-0x0000000000000000-0x0000000000000000), size 0, SharedBaseAddress: 0x0000000800000000, ArchiveRelocationMode: 0.
Narrow klass base: 0x0000000000000000, Narrow klass shift: 0, Narrow klass range: 0x0

GC Precious Log:
 CardTable entry size: 512
 Card Set container configuration: InlinePtr #cards 5 size 8 Array Of Cards #cards 12 size 40 Howl #buckets 4 coarsen threshold 1843 Howl Bitmap #cards 512 size 80 coarsen threshold 460 Card regions per heap region 1 cards per card region 2048

Heap:
 garbage-first heap   total 0K, used 0K [0x00000000c2c00000, 0x0000000100000000)
  region size 1024K, 0 young (0K), 0 survivors (0K)

[error occurred during error reporting (printing heap information), id 0xc0000005, EXCEPTION_ACCESS_VIOLATION (0xc0000005) at pc=0x00007ff8bfd66649]

GC Heap History (0 events):
No events

Dll operation events (1 events):
Event: 0.006 Loaded shared library C:\Program Files\Java\jdk-19\bin\java.dll

Deoptimization events (0 events):
No events

Classes loaded (0 events):
No events

Classes unloaded (0 events):
No events

Classes redefined (0 events):
No events

Internal exceptions (0 events):
No events

VM Operations (0 events):
No events

Events (0 events):
No events


Dynamic libraries:
0x00007ff6fbcf0000 - 0x00007ff6fbd00000 	C:\Program Files\Java\jdk-19\bin\javaw.exe
0x00007ff901210000 - 0x00007ff901408000 	C:\Windows\SYSTEM32\ntdll.dll
0x00007ff900180000 - 0x00007ff90023f000 	C:\Windows\System32\KERNEL32.DLL
0x00007ff8fe940000 - 0x00007ff8fec36000 	C:\Windows\System32\KERNELBASE.dll
0x00007ff8fece0000 - 0x00007ff8fede0000 	C:\Windows\System32\ucrtbase.dll
0x00007ff8f3f20000 - 0x00007ff8f3f38000 	C:\Program Files\Java\jdk-19\bin\jli.dll
0x00007ff8f3dd0000 - 0x00007ff8f3deb000 	C:\Program Files\Java\jdk-19\bin\VCRUNTIME140.dll
0x00007ff900d70000 - 0x00007ff900e1f000 	C:\Windows\System32\ADVAPI32.dll
0x00007ff900750000 - 0x00007ff9007ee000 	C:\Windows\System32\msvcrt.dll
0x00007ff8ffa60000 - 0x00007ff8ffafc000 	C:\Windows\System32\sechost.dll
0x00007ff8ffd90000 - 0x00007ff8ffeb6000 	C:\Windows\System32\RPCRT4.dll
0x00007ff900f80000 - 0x00007ff90111d000 	C:\Windows\System32\USER32.dll
0x00007ff8ff240000 - 0x00007ff8ff262000 	C:\Windows\System32\win32u.dll
0x00007ff8e3190000 - 0x00007ff8e342a000 	C:\Windows\WinSxS\amd64_microsoft.windows.common-controls_6595b64144ccf1df_6.0.19041.1110_none_60b5254171f9507e\COMCTL32.dll
0x00007ff8ffb00000 - 0x00007ff8ffb2c000 	C:\Windows\System32\GDI32.dll
0x00007ff8fee80000 - 0x00007ff8fef95000 	C:\Windows\System32\gdi32full.dll
0x00007ff8fede0000 - 0x00007ff8fee7d000 	C:\Windows\System32\msvcp_win.dll
0x00007ff8f9a10000 - 0x00007ff8f9a1a000 	C:\Windows\SYSTEM32\VERSION.dll
0x00007ff900e20000 - 0x00007ff900e50000 	C:\Windows\System32\IMM32.DLL
0x00007ff8fc0f0000 - 0x00007ff8fc0fc000 	C:\Program Files\Java\jdk-19\bin\vcruntime140_1.dll
0x00007ff8eeb50000 - 0x00007ff8eebde000 	C:\Program Files\Java\jdk-19\bin\msvcp140.dll
0x00007ff8bf620000 - 0x00007ff8c02e0000 	C:\Program Files\Java\jdk-19\bin\server\jvm.dll
0x00007ff8e9420000 - 0x00007ff8e9429000 	C:\Windows\SYSTEM32\WSOCK32.dll
0x00007ff8eca60000 - 0x00007ff8eca87000 	C:\Windows\SYSTEM32\WINMM.dll
0x00007ff9007f0000 - 0x00007ff90085b000 	C:\Windows\System32\WS2_32.dll
0x00007ff8fc6e0000 - 0x00007ff8fc6f2000 	C:\Windows\SYSTEM32\kernel.appcore.dll
0x00007ff8fa3b0000 - 0x00007ff8fa3ba000 	C:\Program Files\Java\jdk-19\bin\jimage.dll
0x00007ff8ea4a0000 - 0x00007ff8ea684000 	C:\Windows\SYSTEM32\DBGHELP.DLL
0x00007ff8ea260000 - 0x00007ff8ea294000 	C:\Windows\SYSTEM32\dbgcore.DLL
0x00007ff8fefa0000 - 0x00007ff8ff022000 	C:\Windows\System32\bcryptPrimitives.dll
0x00007ff8f2310000 - 0x00007ff8f2336000 	C:\Program Files\Java\jdk-19\bin\java.dll

dbghelp: loaded successfully - version: 4.0.5 - missing functions: none
symbol engine: initialized successfully - sym options: 0x614 - pdb path: .;C:\Program Files\Java\jdk-19\bin;C:\Windows\SYSTEM32;C:\Windows\WinSxS\amd64_microsoft.windows.common-controls_6595b64144ccf1df_6.0.19041.1110_none_60b5254171f9507e;C:\Program Files\Java\jdk-19\bin\server

VM Arguments:
jvm_args: -Dfile.encoding=UTF-8 --module-path=C:\Users\vinay\eclipse-workspace\travelandtourism\bin -XX:+ShowCodeDetailsInExceptionMessages -Djdk.module.main=travelandtourism 
java_command: travelandtourism/travelandtourism.Login
java_class_path (initial): <not set>
Launcher Type: SUN_STANDARD

[Global flags]
     intx CICompilerCount                          = 3                                         {product} {ergonomic}
     uint ConcGCThreads                            = 1                                         {product} {ergonomic}
     uint G1ConcRefinementThreads                  = 4                                         {product} {ergonomic}
   size_t G1HeapRegionSize                         = 1048576                                   {product} {ergonomic}
    uintx GCDrainStackTargetSize                   = 64                                        {product} {ergonomic}
   size_t InitialHeapSize                          = 65011712                                  {product} {ergonomic}
   size_t MarkStackSize                            = 4194304                                   {product} {ergonomic}
   size_t MaxHeapSize                              = 1027604480                                {product} {ergonomic}
   size_t MinHeapDeltaBytes                        = 1048576                                   {product} {ergonomic}
   size_t MinHeapSize                              = 8388608                                   {product} {ergonomic}
    uintx NonNMethodCodeHeapSize                   = 5832780                                {pd product} {ergonomic}
    uintx NonProfiledCodeHeapSize                  = 122912730                              {pd product} {ergonomic}
    uintx ProfiledCodeHeapSize                     = 122912730                              {pd product} {ergonomic}
    uintx ReservedCodeCacheSize                    = 251658240                              {pd product} {ergonomic}
     bool SegmentedCodeCache                       = true                                      {product} {ergonomic}
     bool ShowCodeDetailsInExceptionMessages       = true                                   {manageable} {command line}
   size_t SoftMaxHeapSize                          = 1027604480                             {manageable} {ergonomic}
     bool UseCompressedClassPointers               = true                           {product lp64_product} {ergonomic}
     bool UseCompressedOops                        = true                           {product lp64_product} {ergonomic}
     bool UseG1GC                                  = true                                      {product} {ergonomic}
     bool UseLargePagesIndividualAllocation        = false                                  {pd product} {ergonomic}

Logging:
Log output configuration:
 #0: stdout all=warning uptime,level,tags foldmultilines=false
 #1: stderr all=off uptime,level,tags foldmultilines=false

Environment Variables:
PATH=C:\Program Files\Common Files\Oracle\Java\javapath;E:\PYTHON\Scripts\;E:\PYTHON\;C:\Windows\system32;C:\Windows;C:\Windows\System32\Wbem;C:\Windows\System32\WindowsPowerShell\v1.0\;C:\Windows\System32\OpenSSH\;C:\Program Files\Git\cmd;C:\Program Files\nodejs\;C:\Users\vinay\eclipse-workspace\apache-ant-1.9.16\bin;C:\Program Files\MySQL\MySQL Shell 8.0\bin\;C:\Users\vinay\AppData\Local\Microsoft\WindowsApps;C:\MinGW\bin;E:\PYTHON\PYTHON_PYCHARM\PyCharm Community Edition 2022.1.4\bin;;C:\Users\vinay\AppData\Local\Programs\Microsoft VS Code\bin;C:\Users\vinay\AppData\Local\Programs\Hyper\resources\bin;C:\Users\vinay\AppData\Roaming\npm;C:\Users\vinay\AppData\Local\JetBrains\IntelliJ IDEA Community Edition 2022.3.2\bin;
USERNAME=vinay
OS=Windows_NT
PROCESSOR_IDENTIFIER=Intel64 Family 6 Model 158 Stepping 11, GenuineIntel
TMP=C:\Users\vinay\AppData\Local\Temp
TEMP=C:\Users\vinay\AppData\Local\Temp



---------------  S Y S T E M  ---------------

OS:
 Windows 10 , 64 bit Build 19041 (10.0.19041.3155)
OS uptime: 1 days 0:42 hours

CPU: total 4 (initial active 4) (4 cores per cpu, 1 threads per core) family 6 model 158 stepping 11 microcode 0xf0, cx8, cmov, fxsr, mmx, 3dnowpref, sse, sse2, sse3, ssse3, sse4.1, sse4.2, popcnt, lzcnt, tsc, tscinvbit, avx, avx2, aes, erms, clmul, bmi1, bmi2, adx, fma, vzeroupper, clflush, clflushopt, rdtscp

Memory: 4k page, system-wide physical 3915M (371M free)
TotalPageFile size 15691M (AvailPageFile size 23M)
current process WorkingSet (physical memory assigned to process): 10M, peak: 10M
current process commit charge ("private bytes"): 51M, peak: 113M

vm_info: Java HotSpot(TM) 64-Bit Server VM (19.0.2+7-44) for windows-amd64 JRE (19.0.2+7-44), built on 2022-11-30T18:02:09Z by "mach5one" with MS VC++ 17.1 (VS2022)

END.
