#
# There is insufficient memory for the Java Runtime Environment to continue.
# Native memory allocation (mmap) failed to map 65536 bytes for Failed to commit metaspace.
# Possible reasons:
#   The system is out of physical RAM or swap space
#   The process is running with CompressedOops enabled, and the Java Heap may be blocking the growth of the native heap
# Possible solutions:
#   Reduce memory load on the system
#   Increase physical memory or swap space
#   Check if swap backing store is full
#   Decrease Java heap size (-Xmx/-Xms)
#   Decrease number of Java threads
#   Decrease Java thread stack sizes (-Xss)
#   Set larger code cache with -XX:ReservedCodeCacheSize=
#   JVM is running with Unscaled Compressed Oops mode in which the Java heap is
#     placed in the first 4GB address space. The Java Heap base address is the
#     maximum limit for the native heap growth. Please use -XX:HeapBaseMinAddress
#     to set the Java Heap base and to place the Java Heap above 4GB virtual address.
# This output file may be truncated or incomplete.
#
#  Out of Memory Error (virtualSpaceNode.cpp:110), pid=8412, tid=10992
#
# JRE version: Java(TM) SE Runtime Environment (19.0.2+7) (build 19.0.2+7-44)
# Java VM: Java HotSpot(TM) 64-Bit Server VM (19.0.2+7-44, mixed mode, sharing, tiered, compressed oops, compressed class ptrs, g1 gc, windows-amd64)
# No core dump will be written. Minidumps are not enabled by default on client versions of Windows
#

---------------  S U M M A R Y ------------

Command Line: -Dfile.encoding=UTF-8 --module-path=C:\Users\vinay\eclipse-workspace\travelandtourism\bin -XX:+ShowCodeDetailsInExceptionMessages -Djdk.module.main=travelandtourism travelandtourism/travelandtourism.Login

Host: Intel(R) Core(TM) i3-8100 CPU @ 3.60GHz, 4 cores, 3G,  Windows 10 , 64 bit Build 19041 (10.0.19041.3155)
Time: Sat Aug 12 21:25:03 2023 India Standard Time elapsed time: 0.216653 seconds (0d 0h 0m 0s)

---------------  T H R E A D  ---------------

Current thread (0x0000026585fe84d0):  JavaThread "main" [_thread_in_vm, id=10992, stack(0x000000a87cd00000,0x000000a87ce00000)]

Stack: [0x000000a87cd00000,0x000000a87ce00000]
Native frames: (J=compiled Java code, j=interpreted, Vv=VM code, C=native code)
V  [jvm.dll+0x6ee21a]
V  [jvm.dll+0x85765e]
V  [jvm.dll+0x85904e]
V  [jvm.dll+0x859703]
V  [jvm.dll+0x28298f]
V  [jvm.dll+0x8532db]
V  [jvm.dll+0x692cb6]
V  [jvm.dll+0x692d1a]
V  [jvm.dll+0x695613]
V  [jvm.dll+0x6954de]
V  [jvm.dll+0x6936de]
V  [jvm.dll+0x26f591]
V  [jvm.dll+0x21ea57]
V  [jvm.dll+0x2146a1]
V  [jvm.dll+0x5a9cb6]
V  [jvm.dll+0x2257aa]
V  [jvm.dll+0x7cc802]
V  [jvm.dll+0x7cdc4a]
V  [jvm.dll+0x7cdf78]
V  [jvm.dll+0x271e1b]
V  [jvm.dll+0x27203f]
V  [jvm.dll+0x5cb423]
V  [jvm.dll+0x5cd994]
V  [jvm.dll+0x3dd95c]
V  [jvm.dll+0x3dd3f2]
C  0x0000026596caa13d

Java frames: (J=compiled Java code, j=interpreted, Vv=VM code)
j  sun.java2d.loops.SurfaceType.<clinit>()V+218 java.desktop@19.0.2
v  ~StubRoutines::call_stub 0x0000026596c8100e
j  sun.java2d.NullSurfaceData.<init>()V+4 java.desktop@19.0.2
j  sun.java2d.NullSurfaceData.<clinit>()V+4 java.desktop@19.0.2
v  ~StubRoutines::call_stub 0x0000026596c8100e
j  sun.java2d.SurfaceData.initIDs()V+0 java.desktop@19.0.2
j  sun.java2d.SurfaceData.<clinit>()V+0 java.desktop@19.0.2
v  ~StubRoutines::call_stub 0x0000026596c8100e
j  sun.awt.windows.WToolkit.initIDs()V+0 java.desktop@19.0.2
j  sun.awt.windows.WToolkit.<clinit>()V+20 java.desktop@19.0.2
v  ~StubRoutines::call_stub 0x0000026596c8100e
j  sun.awt.Win32GraphicsEnvironment.<clinit>()V+16 java.desktop@19.0.2
v  ~StubRoutines::call_stub 0x0000026596c8100e
j  sun.awt.PlatformGraphicsInfo.createGE()Ljava/awt/GraphicsEnvironment;+0 java.desktop@19.0.2
j  java.awt.GraphicsEnvironment$LocalGE.createGE()Ljava/awt/GraphicsEnvironment;+0 java.desktop@19.0.2
j  java.awt.GraphicsEnvironment$LocalGE.<clinit>()V+0 java.desktop@19.0.2
v  ~StubRoutines::call_stub 0x0000026596c8100e
j  java.awt.GraphicsEnvironment.getLocalGraphicsEnvironment()Ljava/awt/GraphicsEnvironment;+0 java.desktop@19.0.2
j  java.awt.Window.initGC(Ljava/awt/GraphicsConfiguration;)Ljava/awt/GraphicsConfiguration;+7 java.desktop@19.0.2
j  java.awt.Window.init(Ljava/awt/GraphicsConfiguration;)V+45 java.desktop@19.0.2
j  java.awt.Window.<init>()V+114 java.desktop@19.0.2
j  java.awt.Frame.<init>(Ljava/lang/String;)V+1 java.desktop@19.0.2
j  java.awt.Frame.<init>()V+3 java.desktop@19.0.2
j  javax.swing.JFrame.<init>()V+1 java.desktop@19.0.2
j  travelandtourism.Login.<init>()V+1 travelandtourism
j  travelandtourism.Login.main([Ljava/lang/String;)V+3 travelandtourism
v  ~StubRoutines::call_stub 0x0000026596c8100e

---------------  P R O C E S S  ---------------

Threads class SMR info:
_java_thread_list=0x00000265a7cc0700, length=12, elements={
0x0000026585fe84d0, 0x00000265a3797140, 0x00000265a3797e30, 0x00000265a3799a30,
0x00000265a379d990, 0x00000265a379e2c0, 0x00000265a379ed30, 0x00000265a37a3fe0,
0x00000265a37a6ba0, 0x00000265a37afae0, 0x000002658609bfd0, 0x00000265a7ccc8b0
}

Java Threads: ( => current thread )
=>0x0000026585fe84d0 JavaThread "main" [_thread_in_vm, id=10992, stack(0x000000a87cd00000,0x000000a87ce00000)]
  0x00000265a3797140 JavaThread "Reference Handler" daemon [_thread_blocked, id=18408, stack(0x000000a87d400000,0x000000a87d500000)]
  0x00000265a3797e30 JavaThread "Finalizer" daemon [_thread_blocked, id=17048, stack(0x000000a87d500000,0x000000a87d600000)]
  0x00000265a3799a30 JavaThread "Signal Dispatcher" daemon [_thread_blocked, id=14356, stack(0x000000a87d600000,0x000000a87d700000)]
  0x00000265a379d990 JavaThread "Attach Listener" daemon [_thread_blocked, id=13036, stack(0x000000a87d700000,0x000000a87d800000)]
  0x00000265a379e2c0 JavaThread "Service Thread" daemon [_thread_blocked, id=2280, stack(0x000000a87d800000,0x000000a87d900000)]
  0x00000265a379ed30 JavaThread "Monitor Deflation Thread" daemon [_thread_blocked, id=11936, stack(0x000000a87d900000,0x000000a87da00000)]
  0x00000265a37a3fe0 JavaThread "C2 CompilerThread0" daemon [_thread_blocked, id=4960, stack(0x000000a87da00000,0x000000a87db00000)]
  0x00000265a37a6ba0 JavaThread "C1 CompilerThread0" daemon [_thread_in_native, id=12720, stack(0x000000a87db00000,0x000000a87dc00000)]
  0x00000265a37afae0 JavaThread "Sweeper thread" daemon [_thread_blocked, id=11220, stack(0x000000a87dc00000,0x000000a87dd00000)]
  0x000002658609bfd0 JavaThread "Common-Cleaner" daemon [_thread_blocked, id=17160, stack(0x000000a87dd00000,0x000000a87de00000)]
  0x00000265a7ccc8b0 JavaThread "Notification Thread" daemon [_thread_blocked, id=17280, stack(0x000000a87de00000,0x000000a87df00000)]

Other Threads:
  0x00000265860ab7c0 VMThread "VM Thread" [stack: 0x000000a87d300000,0x000000a87d400000] [id=9436]
  0x00000265a7cefa60 WatcherThread "VM Periodic Task Thread" [stack: 0x000000a87df00000,0x000000a87e000000] [id=9488]
  0x0000026586029560 WorkerThread "GC Thread#0" [stack: 0x000000a87ce00000,0x000000a87cf00000] [id=18012]
  0x0000026586031f40 ConcurrentGCThread "G1 Main Marker" [stack: 0x000000a87cf00000,0x000000a87d000000] [id=3052]
  0x00000265860342c0 WorkerThread "G1 Conc#0" [stack: 0x000000a87d000000,0x000000a87d100000] [id=17008]
  0x0000026586087bd0 ConcurrentGCThread "G1 Refine#0" [stack: 0x000000a87d100000,0x000000a87d200000] [id=9452]
  0x0000026586088710 ConcurrentGCThread "G1 Service" [stack: 0x000000a87d200000,0x000000a87d300000] [id=16116]

Threads with active compile tasks:
C1 CompilerThread0      517  300       3       jdk.internal.org.objectweb.asm.Frame::execute (2305 bytes)

VM state: not at safepoint (normal execution)

VM Mutex/Monitor currently owned by a thread:  ([mutex/lock_event])
[0x0000026585fe1b70] Metaspace_lock - owner thread: 0x0000026585fe84d0

Heap address: 0x00000000c2c00000, size: 980 MB, Compressed Oops mode: 32-bit

CDS archive(s) mapped at: [0x0000000800000000-0x0000000800c40000-0x0000000800c40000), size 12845056, SharedBaseAddress: 0x0000000800000000, ArchiveRelocationMode: 0.
Compressed class space mapped at: 0x0000000801000000-0x0000000841000000, reserved size: 1073741824
Narrow klass base: 0x0000000800000000, Narrow klass shift: 0, Narrow klass range: 0x100000000

GC Precious Log:
 CardTable entry size: 512
 Card Set container configuration: InlinePtr #cards 5 size 8 Array Of Cards #cards 12 size 40 Howl #buckets 4 coarsen threshold 1843 Howl Bitmap #cards 512 size 80 coarsen threshold 460 Card regions per heap region 1 cards per card region 2048
 CPUs: 4 total, 4 available
 Memory: 3915M
 Large Page Support: Disabled
 NUMA Support: Disabled
 Compressed Oops: Enabled (32-bit)
 Heap Region Size: 1M
 Heap Min Capacity: 8M
 Heap Initial Capacity: 62M
 Heap Max Capacity: 980M
 Pre-touch: Disabled
 Parallel Workers: 4
 Concurrent Workers: 1
 Concurrent Refinement Workers: 4
 Periodic GC: Disabled

Heap:
 garbage-first heap   total 63488K, used 3072K [0x00000000c2c00000, 0x0000000100000000)
  region size 1024K, 4 young (4096K), 0 survivors (0K)
 Metaspace       used 2161K, committed 2304K, reserved 1114112K
  class space    used 193K, committed 256K, reserved 1048576K

Heap Regions: E=young(eden), S=young(survivor), O=old, HS=humongous(starts), HC=humongous(continues), CS=collection set, F=free, OA=open archive, CA=closed archive, TAMS=top-at-mark-start (previous, next)
|   0|0x00000000c2c00000, 0x00000000c2c00000, 0x00000000c2d00000|  0%| F|  |TAMS 0x00000000c2c00000, 0x00000000c2c00000| Untracked 
|   1|0x00000000c2d00000, 0x00000000c2d00000, 0x00000000c2e00000|  0%| F|  |TAMS 0x00000000c2d00000, 0x00000000c2d00000| Untracked 
|   2|0x00000000c2e00000, 0x00000000c2e00000, 0x00000000c2f00000|  0%| F|  |TAMS 0x00000000c2e00000, 0x00000000c2e00000| Untracked 
|   3|0x00000000c2f00000, 0x00000000c2f00000, 0x00000000c3000000|  0%| F|  |TAMS 0x00000000c2f00000, 0x00000000c2f00000| Untracked 
|   4|0x00000000c3000000, 0x00000000c3000000, 0x00000000c3100000|  0%| F|  |TAMS 0x00000000c3000000, 0x00000000c3000000| Untracked 
|   5|0x00000000c3100000, 0x00000000c3100000, 0x00000000c3200000|  0%| F|  |TAMS 0x00000000c3100000, 0x00000000c3100000| Untracked 
|   6|0x00000000c3200000, 0x00000000c3200000, 0x00000000c3300000|  0%| F|  |TAMS 0x00000000c3200000, 0x00000000c3200000| Untracked 
|   7|0x00000000c3300000, 0x00000000c3300000, 0x00000000c3400000|  0%| F|  |TAMS 0x00000000c3300000, 0x00000000c3300000| Untracked 
|   8|0x00000000c3400000, 0x00000000c3400000, 0x00000000c3500000|  0%| F|  |TAMS 0x00000000c3400000, 0x00000000c3400000| Untracked 
|   9|0x00000000c3500000, 0x00000000c3500000, 0x00000000c3600000|  0%| F|  |TAMS 0x00000000c3500000, 0x00000000c3500000| Untracked 
|  10|0x00000000c3600000, 0x00000000c3600000, 0x00000000c3700000|  0%| F|  |TAMS 0x00000000c3600000, 0x00000000c3600000| Untracked 
|  11|0x00000000c3700000, 0x00000000c3700000, 0x00000000c3800000|  0%| F|  |TAMS 0x00000000c3700000, 0x00000000c3700000| Untracked 
|  12|0x00000000c3800000, 0x00000000c3800000, 0x00000000c3900000|  0%| F|  |TAMS 0x00000000c3800000, 0x00000000c3800000| Untracked 
|  13|0x00000000c3900000, 0x00000000c3900000, 0x00000000c3a00000|  0%| F|  |TAMS 0x00000000c3900000, 0x00000000c3900000| Untracked 
|  14|0x00000000c3a00000, 0x00000000c3a00000, 0x00000000c3b00000|  0%| F|  |TAMS 0x00000000c3a00000, 0x00000000c3a00000| Untracked 
|  15|0x00000000c3b00000, 0x00000000c3b00000, 0x00000000c3c00000|  0%| F|  |TAMS 0x00000000c3b00000, 0x00000000c3b00000| Untracked 
|  16|0x00000000c3c00000, 0x00000000c3c00000, 0x00000000c3d00000|  0%| F|  |TAMS 0x00000000c3c00000, 0x00000000c3c00000| Untracked 
|  17|0x00000000c3d00000, 0x00000000c3d00000, 0x00000000c3e00000|  0%| F|  |TAMS 0x00000000c3d00000, 0x00000000c3d00000| Untracked 
|  18|0x00000000c3e00000, 0x00000000c3e00000, 0x00000000c3f00000|  0%| F|  |TAMS 0x00000000c3e00000, 0x00000000c3e00000| Untracked 
|  19|0x00000000c3f00000, 0x00000000c3f00000, 0x00000000c4000000|  0%| F|  |TAMS 0x00000000c3f00000, 0x00000000c3f00000| Untracked 
|  20|0x00000000c4000000, 0x00000000c4000000, 0x00000000c4100000|  0%| F|  |TAMS 0x00000000c4000000, 0x00000000c4000000| Untracked 
|  21|0x00000000c4100000, 0x00000000c4100000, 0x00000000c4200000|  0%| F|  |TAMS 0x00000000c4100000, 0x00000000c4100000| Untracked 
|  22|0x00000000c4200000, 0x00000000c4200000, 0x00000000c4300000|  0%| F|  |TAMS 0x00000000c4200000, 0x00000000c4200000| Untracked 
|  23|0x00000000c4300000, 0x00000000c4300000, 0x00000000c4400000|  0%| F|  |TAMS 0x00000000c4300000, 0x00000000c4300000| Untracked 
|  24|0x00000000c4400000, 0x00000000c4400000, 0x00000000c4500000|  0%| F|  |TAMS 0x00000000c4400000, 0x00000000c4400000| Untracked 
|  25|0x00000000c4500000, 0x00000000c4500000, 0x00000000c4600000|  0%| F|  |TAMS 0x00000000c4500000, 0x00000000c4500000| Untracked 
|  26|0x00000000c4600000, 0x00000000c4600000, 0x00000000c4700000|  0%| F|  |TAMS 0x00000000c4600000, 0x00000000c4600000| Untracked 
|  27|0x00000000c4700000, 0x00000000c4700000, 0x00000000c4800000|  0%| F|  |TAMS 0x00000000c4700000, 0x00000000c4700000| Untracked 
|  28|0x00000000c4800000, 0x00000000c4800000, 0x00000000c4900000|  0%| F|  |TAMS 0x00000000c4800000, 0x00000000c4800000| Untracked 
|  29|0x00000000c4900000, 0x00000000c4900000, 0x00000000c4a00000|  0%| F|  |TAMS 0x00000000c4900000, 0x00000000c4900000| Untracked 
|  30|0x00000000c4a00000, 0x00000000c4a00000, 0x00000000c4b00000|  0%| F|  |TAMS 0x00000000c4a00000, 0x00000000c4a00000| Untracked 
|  31|0x00000000c4b00000, 0x00000000c4b00000, 0x00000000c4c00000|  0%| F|  |TAMS 0x00000000c4b00000, 0x00000000c4b00000| Untracked 
|  32|0x00000000c4c00000, 0x00000000c4c00000, 0x00000000c4d00000|  0%| F|  |TAMS 0x00000000c4c00000, 0x00000000c4c00000| Untracked 
|  33|0x00000000c4d00000, 0x00000000c4d00000, 0x00000000c4e00000|  0%| F|  |TAMS 0x00000000c4d00000, 0x00000000c4d00000| Untracked 
|  34|0x00000000c4e00000, 0x00000000c4e00000, 0x00000000c4f00000|  0%| F|  |TAMS 0x00000000c4e00000, 0x00000000c4e00000| Untracked 
|  35|0x00000000c4f00000, 0x00000000c4f00000, 0x00000000c5000000|  0%| F|  |TAMS 0x00000000c4f00000, 0x00000000c4f00000| Untracked 
|  36|0x00000000c5000000, 0x00000000c5000000, 0x00000000c5100000|  0%| F|  |TAMS 0x00000000c5000000, 0x00000000c5000000| Untracked 
|  37|0x00000000c5100000, 0x00000000c5100000, 0x00000000c5200000|  0%| F|  |TAMS 0x00000000c5100000, 0x00000000c5100000| Untracked 
|  38|0x00000000c5200000, 0x00000000c5200000, 0x00000000c5300000|  0%| F|  |TAMS 0x00000000c5200000, 0x00000000c5200000| Untracked 
|  39|0x00000000c5300000, 0x00000000c5300000, 0x00000000c5400000|  0%| F|  |TAMS 0x00000000c5300000, 0x00000000c5300000| Untracked 
|  40|0x00000000c5400000, 0x00000000c5400000, 0x00000000c5500000|  0%| F|  |TAMS 0x00000000c5400000, 0x00000000c5400000| Untracked 
|  41|0x00000000c5500000, 0x00000000c5500000, 0x00000000c5600000|  0%| F|  |TAMS 0x00000000c5500000, 0x00000000c5500000| Untracked 
|  42|0x00000000c5600000, 0x00000000c5600000, 0x00000000c5700000|  0%| F|  |TAMS 0x00000000c5600000, 0x00000000c5600000| Untracked 
|  43|0x00000000c5700000, 0x00000000c5700000, 0x00000000c5800000|  0%| F|  |TAMS 0x00000000c5700000, 0x00000000c5700000| Untracked 
|  44|0x00000000c5800000, 0x00000000c5800000, 0x00000000c5900000|  0%| F|  |TAMS 0x00000000c5800000, 0x00000000c5800000| Untracked 
|  45|0x00000000c5900000, 0x00000000c5900000, 0x00000000c5a00000|  0%| F|  |TAMS 0x00000000c5900000, 0x00000000c5900000| Untracked 
|  46|0x00000000c5a00000, 0x00000000c5a00000, 0x00000000c5b00000|  0%| F|  |TAMS 0x00000000c5a00000, 0x00000000c5a00000| Untracked 
|  47|0x00000000c5b00000, 0x00000000c5b00000, 0x00000000c5c00000|  0%| F|  |TAMS 0x00000000c5b00000, 0x00000000c5b00000| Untracked 
|  48|0x00000000c5c00000, 0x00000000c5c00000, 0x00000000c5d00000|  0%| F|  |TAMS 0x00000000c5c00000, 0x00000000c5c00000| Untracked 
|  49|0x00000000c5d00000, 0x00000000c5d00000, 0x00000000c5e00000|  0%| F|  |TAMS 0x00000000c5d00000, 0x00000000c5d00000| Untracked 
|  50|0x00000000c5e00000, 0x00000000c5e00000, 0x00000000c5f00000|  0%| F|  |TAMS 0x00000000c5e00000, 0x00000000c5e00000| Untracked 
|  51|0x00000000c5f00000, 0x00000000c5f00000, 0x00000000c6000000|  0%| F|  |TAMS 0x00000000c5f00000, 0x00000000c5f00000| Untracked 
|  52|0x00000000c6000000, 0x00000000c6000000, 0x00000000c6100000|  0%| F|  |TAMS 0x00000000c6000000, 0x00000000c6000000| Untracked 
|  53|0x00000000c6100000, 0x00000000c6100000, 0x00000000c6200000|  0%| F|  |TAMS 0x00000000c6100000, 0x00000000c6100000| Untracked 
|  54|0x00000000c6200000, 0x00000000c6200000, 0x00000000c6300000|  0%| F|  |TAMS 0x00000000c6200000, 0x00000000c6200000| Untracked 
|  55|0x00000000c6300000, 0x00000000c6300000, 0x00000000c6400000|  0%| F|  |TAMS 0x00000000c6300000, 0x00000000c6300000| Untracked 
|  56|0x00000000c6400000, 0x00000000c6400000, 0x00000000c6500000|  0%| F|  |TAMS 0x00000000c6400000, 0x00000000c6400000| Untracked 
|  57|0x00000000c6500000, 0x00000000c6500000, 0x00000000c6600000|  0%| F|  |TAMS 0x00000000c6500000, 0x00000000c6500000| Untracked 
|  58|0x00000000c6600000, 0x00000000c6643170, 0x00000000c6700000| 26%| E|  |TAMS 0x00000000c6600000, 0x00000000c6600000| Complete 
|  59|0x00000000c6700000, 0x00000000c6800000, 0x00000000c6800000|100%| E|CS|TAMS 0x00000000c6700000, 0x00000000c6700000| Complete 
|  60|0x00000000c6800000, 0x00000000c6900000, 0x00000000c6900000|100%| E|CS|TAMS 0x00000000c6800000, 0x00000000c6800000| Complete 
|  61|0x00000000c6900000, 0x00000000c6a00000, 0x00000000c6a00000|100%| E|CS|TAMS 0x00000000c6900000, 0x00000000c6900000| Complete 

Card table byte_map: [0x000002659ef70000,0x000002659f160000] _byte_map_base: 0x000002659e95a000

Marking Bits (Prev, Next): (CMBitMap*) 0x0000026586029b90, (CMBitMap*) 0x0000026586029bd0
 Prev Bits: [0x000002659f350000, 0x00000265a02a0000)
 Next Bits: [0x00000265a02a0000, 0x00000265a11f0000)

Polling page: 0x00000265860c0000

Metaspace:

Usage:
  Non-class:      1.92 MB used.
      Class:    193.41 KB used.
       Both:      2.11 MB used.

Virtual space:
  Non-class space:       64.00 MB reserved,       2.00 MB (  3%) committed,  1 nodes.
      Class space:        1.00 GB reserved,     256.00 KB ( <1%) committed,  1 nodes.
             Both:        1.06 GB reserved,       2.25 MB ( <1%) committed. 

Chunk freelists:
   Non-Class:  3.93 MB
       Class:  3.71 MB
        Both:  7.63 MB

MaxMetaspaceSize: unlimited
CompressedClassSpaceSize: 1.00 GB
Initial GC threshold: 21.00 MB
Current GC threshold: 21.00 MB
CDS: on
MetaspaceReclaimPolicy: balanced
 - commit_granule_bytes: 65536.
 - commit_granule_words: 8192.
 - virtual_space_node_default_size: 8388608.
 - enlarge_chunks_in_place: 1.
 - new_chunks_are_fully_committed: 0.
 - uncommit_free_chunks: 1.
 - use_allocation_guard: 0.


Internal statistics:

num_allocs_failed_limit: 0.
num_arena_births: 74.
num_arena_deaths: 0.
num_vsnodes_births: 2.
num_vsnodes_deaths: 0.
num_space_committed: 36.
num_space_uncommitted: 0.
num_chunks_returned_to_freelist: 0.
num_chunks_taken_from_freelist: 75.
num_chunk_merges: 0.
num_chunk_splits: 54.
num_chunks_enlarged: 35.
num_inconsistent_stats: 0.

CodeHeap 'non-profiled nmethods': size=120000Kb used=108Kb max_used=108Kb free=119891Kb
 bounds [0x0000026597220000, 0x0000026597490000, 0x000002659e750000]
CodeHeap 'profiled nmethods': size=120000Kb used=349Kb max_used=349Kb free=119650Kb
 bounds [0x000002658f750000, 0x000002658f9c0000, 0x0000026596c80000]
CodeHeap 'non-nmethods': size=5760Kb used=1225Kb max_used=1225Kb free=4534Kb
 bounds [0x0000026596c80000, 0x0000026596ef0000, 0x0000026597220000]
 total_blobs=747 nmethods=318 adapters=340
 compilation: enabled
              stopped_count=0, restarted_count=0
 full_count=0

Compilation events (20 events):
Event: 0.099 Thread 0x00000265a37a3fe0 nmethod 286 0x0000026597235990 code [0x0000026597235b20, 0x0000026597235c28]
Event: 0.100 Thread 0x00000265a37a6ba0  288       3       java.lang.invoke.MethodType::parameterSlotCount (8 bytes)
Event: 0.100 Thread 0x00000265a37a6ba0 nmethod 288 0x000002658f7a4a10 code [0x000002658f7a4ba0, 0x000002658f7a4cd8]
Event: 0.100 Thread 0x00000265a37a6ba0  289       3       java.lang.invoke.MemberName::flagsMods (73 bytes)
Event: 0.100 Thread 0x00000265a37a6ba0 nmethod 289 0x000002658f7a4d90 code [0x000002658f7a4f20, 0x000002658f7a5038]
Event: 0.100 Thread 0x00000265a37a6ba0  291       3       java.lang.invoke.LambdaForm$NamedFunction::methodType (23 bytes)
Event: 0.100 Thread 0x00000265a37a6ba0 nmethod 291 0x000002658f7a5110 code [0x000002658f7a52c0, 0x000002658f7a5508]
Event: 0.100 Thread 0x00000265a37a6ba0  292       3       jdk.internal.org.objectweb.asm.SymbolTable::addType (81 bytes)
Event: 0.100 Thread 0x00000265a37a6ba0 nmethod 292 0x000002658f7a5610 code [0x000002658f7a5820, 0x000002658f7a5d78]
Event: 0.100 Thread 0x00000265a37a6ba0  290       3       java.lang.invoke.MemberName::init (67 bytes)
Event: 0.100 Thread 0x00000265a37a6ba0 nmethod 290 0x000002658f7a6010 code [0x000002658f7a61c0, 0x000002658f7a63f8]
Event: 0.100 Thread 0x00000265a37a6ba0  294       3       java.lang.invoke.LambdaForm::uncustomize (57 bytes)
Event: 0.101 Thread 0x00000265a37a6ba0 nmethod 294 0x000002658f7a6490 code [0x000002658f7a6660, 0x000002658f7a6988]
Event: 0.101 Thread 0x00000265a37a6ba0  298       3       jdk.internal.org.objectweb.asm.SymbolTable::addConstantUtf8Reference (101 bytes)
Event: 0.101 Thread 0x00000265a37a6ba0 nmethod 298 0x000002658f7a6a90 code [0x000002658f7a6cc0, 0x000002658f7a7298]
Event: 0.101 Thread 0x00000265a37a6ba0  300       3       jdk.internal.org.objectweb.asm.Frame::execute (2305 bytes)
Event: 0.101 Thread 0x00000265a37a3fe0  303       4       jdk.internal.org.objectweb.asm.ByteVector::putUTF8 (144 bytes)
Event: 0.105 Thread 0x00000265a37a3fe0 nmethod 303 0x0000026597237790 code [0x0000026597237940, 0x0000026597237cd8]
Event: 0.105 Thread 0x00000265a37a3fe0  304       4       jdk.internal.org.objectweb.asm.SymbolTable::get (13 bytes)
Event: 0.106 Thread 0x00000265a37a3fe0 nmethod 304 0x0000026597238010 code [0x00000265972381a0, 0x0000026597238278]

GC Heap History (0 events):
No events

Dll operation events (6 events):
Event: 0.006 Loaded shared library C:\Program Files\Java\jdk-19\bin\java.dll
Event: 0.013 Loaded shared library C:\Program Files\Java\jdk-19\bin\jsvml.dll
Event: 0.042 Loaded shared library C:\Program Files\Java\jdk-19\bin\net.dll
Event: 0.044 Loaded shared library C:\Program Files\Java\jdk-19\bin\nio.dll
Event: 0.080 Loaded shared library C:\Program Files\Java\jdk-19\bin\jimage.dll
Event: 0.091 Loaded shared library C:\Program Files\Java\jdk-19\bin\awt.dll

Deoptimization events (4 events):
Event: 0.074 Thread 0x0000026585fe84d0 Uncommon trap: trap_request=0xffffff45 fr.pc=0x00000265972287c8 relative=0x00000000000000a8
Event: 0.074 Thread 0x0000026585fe84d0 Uncommon trap: reason=unstable_if action=reinterpret pc=0x00000265972287c8 method=java.lang.String.isLatin1()Z @ 10 c2
Event: 0.074 Thread 0x0000026585fe84d0 DEOPT PACKING pc=0x00000265972287c8 sp=0x000000a87cdfefd0
Event: 0.074 Thread 0x0000026585fe84d0 DEOPT UNPACKING pc=0x0000026596ce6da3 sp=0x000000a87cdfef10 mode 2

Classes loaded (20 events):
Event: 0.118 Loading class sun/java2d/NullSurfaceData done
Event: 0.118 Loading class sun/java2d/StateTrackable$State
Event: 0.119 Loading class sun/java2d/StateTrackable$State done
Event: 0.119 Loading class sun/java2d/loops/SurfaceType
Event: 0.119 Loading class sun/java2d/loops/SurfaceType done
Event: 0.119 Loading class sun/awt/image/PixelConverter
Event: 0.119 Loading class sun/awt/image/PixelConverter done
Event: 0.119 Loading class sun/awt/image/PixelConverter$Xrgb
Event: 0.119 Loading class sun/awt/image/PixelConverter$Xrgb done
Event: 0.119 Loading class sun/awt/image/PixelConverter$Argb
Event: 0.119 Loading class sun/awt/image/PixelConverter$Argb done
Event: 0.119 Loading class sun/awt/image/PixelConverter$ArgbPre
Event: 0.119 Loading class sun/awt/image/PixelConverter$ArgbPre done
Event: 0.119 Loading class sun/awt/image/PixelConverter$Xbgr
Event: 0.119 Loading class sun/awt/image/PixelConverter$Xbgr done
Event: 0.119 Loading class sun/awt/image/PixelConverter$Rgba
Event: 0.119 Loading class sun/awt/image/PixelConverter$Rgba done
Event: 0.119 Loading class sun/awt/image/PixelConverter$RgbaPre
Event: 0.119 Loading class sun/awt/image/PixelConverter$RgbaPre done
Event: 0.119 Loading class sun/awt/image/PixelConverter$Ushort565Rgb

Classes unloaded (0 events):
No events

Classes redefined (0 events):
No events

Internal exceptions (5 events):
Event: 0.052 Thread 0x0000026585fe84d0 Exception <a 'java/lang/NoSuchMethodError'{0x00000000c68302d0}: 'void java.lang.invoke.DirectMethodHandle$Holder.invokeVirtual(java.lang.Object, java.lang.Object)'> (0x00000000c68302d0) 
thrown [s\open\src\hotspot\share\interpreter\linkResolver.cpp, line 774]
Event: 0.082 Thread 0x0000026585fe84d0 Exception <a 'sun/nio/fs/WindowsException'{0x00000000c673f650}> (0x00000000c673f650) 
thrown [s\open\src\hotspot\share\prims\jni.cpp, line 517]
Event: 0.084 Thread 0x0000026585fe84d0 Exception <a 'java/lang/ClassNotFoundException'{0x00000000c6745718}: sun/awt/resources/spi/awtProvider> (0x00000000c6745718) 
thrown [s\open\src\hotspot\share\classfile\systemDictionary.cpp, line 255]
Event: 0.099 Thread 0x0000026585fe84d0 Exception <a 'java/io/FileNotFoundException'{0x00000000c679c268}> (0x00000000c679c268) 
thrown [s\open\src\hotspot\share\prims\jni.cpp, line 517]
Event: 0.104 Thread 0x0000026585fe84d0 Exception <a 'java/io/FileNotFoundException'{0x00000000c67c8d08}> (0x00000000c67c8d08) 
thrown [s\open\src\hotspot\share\prims\jni.cpp, line 517]

VM Operations (2 events):
Event: 0.109 Executing VM operation: HandshakeAllThreads
Event: 0.109 Executing VM operation: HandshakeAllThreads done

Events (12 events):
Event: 0.014 Thread 0x0000026585fe84d0 Thread added: 0x0000026585fe84d0
Event: 0.023 Thread 0x00000265a3797140 Thread added: 0x00000265a3797140
Event: 0.024 Thread 0x00000265a3797e30 Thread added: 0x00000265a3797e30
Event: 0.024 Thread 0x00000265a3799a30 Thread added: 0x00000265a3799a30
Event: 0.024 Thread 0x00000265a379d990 Thread added: 0x00000265a379d990
Event: 0.024 Thread 0x00000265a379e2c0 Thread added: 0x00000265a379e2c0
Event: 0.024 Thread 0x00000265a379ed30 Thread added: 0x00000265a379ed30
Event: 0.024 Thread 0x00000265a37a3fe0 Thread added: 0x00000265a37a3fe0
Event: 0.024 Thread 0x00000265a37a6ba0 Thread added: 0x00000265a37a6ba0
Event: 0.024 Thread 0x00000265a37afae0 Thread added: 0x00000265a37afae0
Event: 0.038 Thread 0x000002658609bfd0 Thread added: 0x000002658609bfd0
Event: 0.073 Thread 0x00000265a7ccc8b0 Thread added: 0x00000265a7ccc8b0


Dynamic libraries:
0x00007ff6fbcf0000 - 0x00007ff6fbd00000 	C:\Program Files\Java\jdk-19\bin\javaw.exe
0x00007ff901210000 - 0x00007ff901408000 	C:\Windows\SYSTEM32\ntdll.dll
0x00007ff900180000 - 0x00007ff90023f000 	C:\Windows\System32\KERNEL32.DLL
0x00007ff8fe940000 - 0x00007ff8fec36000 	C:\Windows\System32\KERNELBASE.dll
0x00007ff8fece0000 - 0x00007ff8fede0000 	C:\Windows\System32\ucrtbase.dll
0x00007ff8f3f20000 - 0x00007ff8f3f38000 	C:\Program Files\Java\jdk-19\bin\jli.dll
0x00007ff8f3dd0000 - 0x00007ff8f3deb000 	C:\Program Files\Java\jdk-19\bin\VCRUNTIME140.dll
0x00007ff900d70000 - 0x00007ff900e1f000 	C:\Windows\System32\ADVAPI32.dll
0x00007ff900750000 - 0x00007ff9007ee000 	C:\Windows\System32\msvcrt.dll
0x00007ff8ffa60000 - 0x00007ff8ffafc000 	C:\Windows\System32\sechost.dll
0x00007ff8ffd90000 - 0x00007ff8ffeb6000 	C:\Windows\System32\RPCRT4.dll
0x00007ff900f80000 - 0x00007ff90111d000 	C:\Windows\System32\USER32.dll
0x00007ff8e3190000 - 0x00007ff8e342a000 	C:\Windows\WinSxS\amd64_microsoft.windows.common-controls_6595b64144ccf1df_6.0.19041.1110_none_60b5254171f9507e\COMCTL32.dll
0x00007ff8ff240000 - 0x00007ff8ff262000 	C:\Windows\System32\win32u.dll
0x00007ff8ffb00000 - 0x00007ff8ffb2c000 	C:\Windows\System32\GDI32.dll
0x00007ff8fee80000 - 0x00007ff8fef95000 	C:\Windows\System32\gdi32full.dll
0x00007ff8fede0000 - 0x00007ff8fee7d000 	C:\Windows\System32\msvcp_win.dll
0x00007ff8f9a10000 - 0x00007ff8f9a1a000 	C:\Windows\SYSTEM32\VERSION.dll
0x00007ff900e20000 - 0x00007ff900e50000 	C:\Windows\System32\IMM32.DLL
0x00007ff8fc0f0000 - 0x00007ff8fc0fc000 	C:\Program Files\Java\jdk-19\bin\vcruntime140_1.dll
0x00007ff8eeb50000 - 0x00007ff8eebde000 	C:\Program Files\Java\jdk-19\bin\msvcp140.dll
0x00007ff8bf620000 - 0x00007ff8c02e0000 	C:\Program Files\Java\jdk-19\bin\server\jvm.dll
0x00007ff8e9420000 - 0x00007ff8e9429000 	C:\Windows\SYSTEM32\WSOCK32.dll
0x00007ff8eca60000 - 0x00007ff8eca87000 	C:\Windows\SYSTEM32\WINMM.dll
0x00007ff9007f0000 - 0x00007ff90085b000 	C:\Windows\System32\WS2_32.dll
0x00007ff8fc6e0000 - 0x00007ff8fc6f2000 	C:\Windows\SYSTEM32\kernel.appcore.dll
0x00007ff8fa3b0000 - 0x00007ff8fa3ba000 	C:\Program Files\Java\jdk-19\bin\jimage.dll
0x00007ff8ea4a0000 - 0x00007ff8ea684000 	C:\Windows\SYSTEM32\DBGHELP.DLL
0x00007ff8ea260000 - 0x00007ff8ea294000 	C:\Windows\SYSTEM32\dbgcore.DLL
0x00007ff8fefa0000 - 0x00007ff8ff022000 	C:\Windows\System32\bcryptPrimitives.dll
0x00007ff8f2310000 - 0x00007ff8f2336000 	C:\Program Files\Java\jdk-19\bin\java.dll
0x00007ff8dd1c0000 - 0x00007ff8dd297000 	C:\Program Files\Java\jdk-19\bin\jsvml.dll
0x00007ff8ff310000 - 0x00007ff8ffa54000 	C:\Windows\System32\SHELL32.dll
0x00007ff8fc9c0000 - 0x00007ff8fd154000 	C:\Windows\SYSTEM32\windows.storage.dll
0x00007ff900880000 - 0x00007ff900bd4000 	C:\Windows\System32\combase.dll
0x00007ff8fe2c0000 - 0x00007ff8fe2ee000 	C:\Windows\SYSTEM32\Wldp.dll
0x00007ff8ffb30000 - 0x00007ff8ffbdd000 	C:\Windows\System32\SHCORE.dll
0x00007ff900120000 - 0x00007ff900175000 	C:\Windows\System32\shlwapi.dll
0x00007ff8fe820000 - 0x00007ff8fe845000 	C:\Windows\SYSTEM32\profapi.dll
0x00007ff8f1ab0000 - 0x00007ff8f1ac3000 	C:\Program Files\Java\jdk-19\bin\net.dll
0x00007ff8f94f0000 - 0x00007ff8f95fa000 	C:\Windows\SYSTEM32\WINHTTP.dll
0x00007ff8fe020000 - 0x00007ff8fe08a000 	C:\Windows\system32\mswsock.dll
0x00007ff8f1a00000 - 0x00007ff8f1a16000 	C:\Program Files\Java\jdk-19\bin\nio.dll
0x00007ff8d4ce0000 - 0x00007ff8d4e71000 	C:\Program Files\Java\jdk-19\bin\awt.dll
0x00007ff900e50000 - 0x00007ff900f1d000 	C:\Windows\System32\OLEAUT32.dll
0x00007ff8fc010000 - 0x00007ff8fc0a1000 	C:\Windows\SYSTEM32\apphelp.dll

dbghelp: loaded successfully - version: 4.0.5 - missing functions: none
symbol engine: initialized successfully - sym options: 0x614 - pdb path: .;C:\Program Files\Java\jdk-19\bin;C:\Windows\SYSTEM32;C:\Windows\WinSxS\amd64_microsoft.windows.common-controls_6595b64144ccf1df_6.0.19041.1110_none_60b5254171f9507e;C:\Program Files\Java\jdk-19\bin\server

VM Arguments:
jvm_args: -Dfile.encoding=UTF-8 --module-path=C:\Users\vinay\eclipse-workspace\travelandtourism\bin -XX:+ShowCodeDetailsInExceptionMessages -Djdk.module.main=travelandtourism 
java_command: travelandtourism/travelandtourism.Login
java_class_path (initial): <not set>
Launcher Type: SUN_STANDARD

[Global flags]
     intx CICompilerCount                          = 3                                         {product} {ergonomic}
     uint ConcGCThreads                            = 1                                         {product} {ergonomic}
     uint G1ConcRefinementThreads                  = 4                                         {product} {ergonomic}
   size_t G1HeapRegionSize                         = 1048576                                   {product} {ergonomic}
    uintx GCDrainStackTargetSize                   = 64                                        {product} {ergonomic}
   size_t InitialHeapSize                          = 65011712                                  {product} {ergonomic}
   size_t MarkStackSize                            = 4194304                                   {product} {ergonomic}
   size_t MaxHeapSize                              = 1027604480                                {product} {ergonomic}
   size_t MaxNewSize                               = 616562688                                 {product} {ergonomic}
   size_t MinHeapDeltaBytes                        = 1048576                                   {product} {ergonomic}
   size_t MinHeapSize                              = 8388608                                   {product} {ergonomic}
    uintx NonNMethodCodeHeapSize                   = 5832780                                {pd product} {ergonomic}
    uintx NonProfiledCodeHeapSize                  = 122912730                              {pd product} {ergonomic}
    uintx ProfiledCodeHeapSize                     = 122912730                              {pd product} {ergonomic}
    uintx ReservedCodeCacheSize                    = 251658240                              {pd product} {ergonomic}
     bool SegmentedCodeCache                       = true                                      {product} {ergonomic}
     bool ShowCodeDetailsInExceptionMessages       = true                                   {manageable} {command line}
   size_t SoftMaxHeapSize                          = 1027604480                             {manageable} {ergonomic}
     bool UseCompressedClassPointers               = true                           {product lp64_product} {ergonomic}
     bool UseCompressedOops                        = true                           {product lp64_product} {ergonomic}
     bool UseG1GC                                  = true                                      {product} {ergonomic}
     bool UseLargePagesIndividualAllocation        = false                                  {pd product} {ergonomic}

Logging:
Log output configuration:
 #0: stdout all=warning uptime,level,tags foldmultilines=false
 #1: stderr all=off uptime,level,tags foldmultilines=false

Environment Variables:
PATH=C:\Program Files\Common Files\Oracle\Java\javapath;E:\PYTHON\Scripts\;E:\PYTHON\;C:\Windows\system32;C:\Windows;C:\Windows\System32\Wbem;C:\Windows\System32\WindowsPowerShell\v1.0\;C:\Windows\System32\OpenSSH\;C:\Program Files\Git\cmd;C:\Program Files\nodejs\;C:\Users\vinay\eclipse-workspace\apache-ant-1.9.16\bin;C:\Program Files\MySQL\MySQL Shell 8.0\bin\;C:\Users\vinay\AppData\Local\Microsoft\WindowsApps;C:\MinGW\bin;E:\PYTHON\PYTHON_PYCHARM\PyCharm Community Edition 2022.1.4\bin;;C:\Users\vinay\AppData\Local\Programs\Microsoft VS Code\bin;C:\Users\vinay\AppData\Local\Programs\Hyper\resources\bin;C:\Users\vinay\AppData\Roaming\npm;C:\Users\vinay\AppData\Local\JetBrains\IntelliJ IDEA Community Edition 2022.3.2\bin;
USERNAME=vinay
OS=Windows_NT
PROCESSOR_IDENTIFIER=Intel64 Family 6 Model 158 Stepping 11, GenuineIntel
TMP=C:\Users\vinay\AppData\Local\Temp
TEMP=C:\Users\vinay\AppData\Local\Temp



---------------  S Y S T E M  ---------------

OS:
 Windows 10 , 64 bit Build 19041 (10.0.19041.3155)
OS uptime: 1 days 0:47 hours

CPU: total 4 (initial active 4) (4 cores per cpu, 1 threads per core) family 6 model 158 stepping 11 microcode 0xf0, cx8, cmov, fxsr, mmx, 3dnowpref, sse, sse2, sse3, ssse3, sse4.1, sse4.2, popcnt, lzcnt, tsc, tscinvbit, avx, avx2, aes, erms, clmul, bmi1, bmi2, adx, fma, vzeroupper, clflush, clflushopt, rdtscp

Memory: 4k page, system-wide physical 3915M (355M free)
TotalPageFile size 15691M (AvailPageFile size 1M)
current process WorkingSet (physical memory assigned to process): 37M, peak: 37M
current process commit charge ("private bytes"): 136M, peak: 136M

vm_info: Java HotSpot(TM) 64-Bit Server VM (19.0.2+7-44) for windows-amd64 JRE (19.0.2+7-44), built on 2022-11-30T18:02:09Z by "mach5one" with MS VC++ 17.1 (VS2022)

END.
